<?xml version="1.0" encoding="UTF-8"?>
<testsuite name="AuthorTest" tests="3" skipped="0" failures="0" errors="0" timestamp="2016-05-10T16:14:50" hostname="epicodus-58.local" time="0.088">
  <properties/>
  <testcase name="getLastName_instantiatesWithLastName_string" classname="AuthorTest" time="0.077"/>
  <testcase name="Author_instantiatesCorrectly_true" classname="AuthorTest" time="0.005"/>
  <testcase name="getFirstName_instantiatesWithFirstName_string" classname="AuthorTest" time="0.005"/>
  <system-out><![CDATA[]]></system-out>
  <system-err><![CDATA[]]></system-err>
</testsuite>
